Traceback (most recent call last):
  File "/home/mm/repos/chezmoi-mousse/.venv/lib/python3.13/site-packages/textual/message_pump.py", line 559, in _pre_process
    await self._dispatch_message(events.Mount())
  File "/home/mm/repos/chezmoi-mousse/.venv/lib/python3.13/site-packages/textual/message_pump.py", line 683, in _dispatch_message
    await self.on_event(message)
  File "/home/mm/repos/chezmoi-mousse/.venv/lib/python3.13/site-packages/textual/message_pump.py", line 764, in on_event
    await self._on_message(event)
  File "/home/mm/repos/chezmoi-mousse/.venv/lib/python3.13/site-packages/textual/message_pump.py", line 785, in _on_message
    await invoke(method, message)
  File "/home/mm/repos/chezmoi-mousse/.venv/lib/python3.13/site-packages/textual/_callback.py", line 89, in invoke
    return await _invoke(callback, *params)
           ^^^^^^^^^^^^^^^^^^^^^^^^^^^^^^^^
  File "/home/mm/repos/chezmoi-mousse/.venv/lib/python3.13/site-packages/textual/_callback.py", line 53, in _invoke
    result = callback(*params[:parameter_count])
  File "/home/mm/repos/chezmoi-mousse/src/chezmoi_mousse/main_tabs.py", line 152, in on_mount
    self.query_one(
    ~~~~~~~~~~~~~~^
        f"#{self.area_top_left_id}", Horizontal
        ^^^^^^^^^^^^^^^^^^^^^^^^^^^^^^^^^^^^^^^
    ).border_subtitle = chezmoi.dest_dir_str_spaced
    ^
  File "/home/mm/repos/chezmoi-mousse/.venv/lib/python3.13/site-packages/textual/dom.py", line 1496, in query_one
    raise NoMatches(f"No nodes match {selector!r} on {self!r}")
textual.css.query.NoMatches: No nodes match '#Re-Add_TopLeft_area' on ApplyOrReAddTabHorizontal()
